 
New instance of bashtop version: 0.9.25 Pid: 108745
 
New instance of bashtop version: 0.9.25 Pid: 73042
 
New instance of bashtop version: 0.9.25 Pid: 7409
/tmp/k1xSyEOot4Mo/bashtop.psutil:103: DeprecationWarning: 'count' is passed as positional argument
  name = re.sub( ".*" + rem_line + ".*:", "", line,1).lstrip()
 
New instance of bashtop version: 0.9.25 Pid: 155464
/tmp/eE6xJrLQVsBo/bashtop.psutil:103: DeprecationWarning: 'count' is passed as positional argument
  name = re.sub( ".*" + rem_line + ".*:", "", line,1).lstrip()
/usr/bin/bashtop: line 3405: pid_Pid:_graph: invalid variable name
 
New instance of bashtop version: 0.9.25 Pid: 155735
/tmp/A9FBznU3Vk34/bashtop.psutil:103: DeprecationWarning: 'count' is passed as positional argument
  name = re.sub( ".*" + rem_line + ".*:", "", line,1).lstrip()
 
New instance of bashtop version: 0.9.25 Pid: 30407
/tmp/olAslgUEJzek/bashtop.psutil:103: DeprecationWarning: 'count' is passed as positional argument
  name = re.sub( ".*" + rem_line + ".*:", "", line,1).lstrip()
 
New instance of bashtop version: 0.9.25 Pid: 68737
/tmp/VX9ls749W7Ay/bashtop.psutil:103: DeprecationWarning: 'count' is passed as positional argument
  name = re.sub( ".*" + rem_line + ".*:", "", line,1).lstrip()
 
New instance of bashtop version: 0.9.25 Pid: 13999
/tmp/i4KlLlAoraUq/bashtop.psutil:103: DeprecationWarning: 'count' is passed as positional argument
  name = re.sub( ".*" + rem_line + ".*:", "", line,1).lstrip()
 
New instance of bashtop version: 0.9.25 Pid: 97004
/tmp/r5MezqsTZlHg/bashtop.psutil:103: DeprecationWarning: 'count' is passed as positional argument
  name = re.sub( ".*" + rem_line + ".*:", "", line,1).lstrip()
 
New instance of bashtop version: 0.9.25 Pid: 97462
/tmp/0F71CrhQ7cms/bashtop.psutil:103: DeprecationWarning: 'count' is passed as positional argument
  name = re.sub( ".*" + rem_line + ".*:", "", line,1).lstrip()
